<?xml version="1.0" encoding="UTF-8"?>
<!-- Generated by org.testng.reporters.JUnitReportReporter -->
<testsuite hostname="Shubhams-MacBook-Air.local" failures="0" tests="1" name="com.api.test.LoginAPI" time="0.670" errors="0" timestamp="2024-12-28T11:09:52 IST" skipped="0">
  <testcase classname="com.api.test.LoginAPI" name="logintest" time="0.670"/>
</testsuite> <!-- com.api.test.LoginAPI -->
