<?xml version="1.0" encoding="UTF-8"?>
<!-- Generated by org.testng.reporters.JUnitReportReporter -->
<testsuite hostname="Shubhams-MacBook-Air.local" failures="0" tests="1" name="com.api.test.AccountCreationTest" time="0.769" errors="0" timestamp="2024-12-28T18:00:58 IST" skipped="0">
  <testcase classname="com.api.test.AccountCreationTest" name="createAccountTest" time="0.769"/>
</testsuite> <!-- com.api.test.AccountCreationTest -->
